<?xml version="1.0" encoding="UTF-8"?>
<coverage generated="1777974218312" clover="3.2.0">
  <project timestamp="1777974218313" name="All files">
    <metrics statements="185" coveredstatements="110" conditionals="147" coveredconditionals="94" methods="54" coveredmethods="20" elements="386" coveredelements="224" complexity="0" loc="185" ncloc="185" packages="7" files="10" classes="10"/>
    <package name="src">
      <metrics statements="1" coveredstatements="1" conditionals="0" coveredconditionals="0" methods="1" coveredmethods="1"/>
      <file name="App.jsx" path="C:\Users\miche\OneDrive\Desktop\ProyectoGrado\frontend\src\App.jsx">
        <metrics statements="1" coveredstatements="1" conditionals="0" coveredconditionals="0" methods="1" coveredmethods="1"/>
        <line num="16" count="7" type="stmt"/>
      </file>
    </package>
    <package name="src.components">
      <metrics statements="28" coveredstatements="28" conditionals="16" coveredconditionals="14" methods="5" coveredmethods="5"/>
      <file name="AdminRoute.jsx" path="C:\Users\miche\OneDrive\Desktop\ProyectoGrado\frontend\src\components\AdminRoute.jsx">
        <metrics statements="23" coveredstatements="23" conditionals="14" coveredconditionals="12" methods="4" coveredmethods="4"/>
        <line num="9" count="8" type="stmt"/>
        <line num="10" count="8" type="stmt"/>
        <line num="12" count="8" type="stmt"/>
        <line num="13" count="4" type="stmt"/>
        <line num="14" count="4" type="cond" truecount="2" falsecount="0"/>
        <line num="15" count="1" type="stmt"/>
        <line num="16" count="1" type="stmt"/>
        <line num="19" count="3" type="stmt"/>
        <line num="20" count="3" type="stmt"/>
        <line num="21" count="3" type="stmt"/>
        <line num="22" count="3" type="stmt"/>
        <line num="23" count="2" type="cond" truecount="1" falsecount="1"/>
        <line num="24" count="2" type="cond" truecount="2" falsecount="0"/>
        <line num="26" count="1" type="cond" truecount="1" falsecount="1"/>
        <line num="30" count="3" type="stmt"/>
        <line num="31" count="3" type="stmt"/>
        <line num="35" count="8" type="cond" truecount="2" falsecount="0"/>
        <line num="36" count="4" type="stmt"/>
        <line num="44" count="4" type="cond" truecount="2" falsecount="0"/>
        <line num="45" count="2" type="stmt"/>
        <line num="48" count="2" type="cond" truecount="2" falsecount="0"/>
        <line num="49" count="1" type="stmt"/>
        <line num="52" count="1" type="stmt"/>
      </file>
      <file name="ProtectedRoute.jsx" path="C:\Users\miche\OneDrive\Desktop\ProyectoGrado\frontend\src\components\ProtectedRoute.jsx">
        <metrics statements="5" coveredstatements="5" conditionals="2" coveredconditionals="2" methods="1" coveredmethods="1"/>
        <line num="4" count="2" type="stmt"/>
        <line num="5" count="2" type="stmt"/>
        <line num="7" count="2" type="cond" truecount="2" falsecount="0"/>
        <line num="8" count="1" type="stmt"/>
        <line num="10" count="1" type="stmt"/>
      </file>
    </package>
    <package name="src.components.auth">
      <metrics statements="11" coveredstatements="10" conditionals="29" coveredconditionals="18" methods="7" coveredmethods="5"/>
      <file name="AuthCard.jsx" path="C:\Users\miche\OneDrive\Desktop\ProyectoGrado\frontend\src\components\auth\AuthCard.jsx">
        <metrics statements="1" coveredstatements="1" conditionals="4" coveredconditionals="2" methods="1" coveredmethods="1"/>
        <line num="2" count="20" type="stmt"/>
      </file>
      <file name="InputField.jsx" path="C:\Users\miche\OneDrive\Desktop\ProyectoGrado\frontend\src\components\auth\InputField.jsx">
        <metrics statements="2" coveredstatements="2" conditionals="11" coveredconditionals="8" methods="2" coveredmethods="2"/>
        <line num="13" count="20" type="stmt"/>
        <line num="24" count="2" type="stmt"/>
      </file>
      <file name="PasswordInput.jsx" path="C:\Users\miche\OneDrive\Desktop\ProyectoGrado\frontend\src\components\auth\PasswordInput.jsx">
        <metrics statements="8" coveredstatements="7" conditionals="14" coveredconditionals="8" methods="4" coveredmethods="2"/>
        <line num="13" count="20" type="stmt"/>
        <line num="16" count="20" type="stmt"/>
        <line num="19" count="20" type="stmt"/>
        <line num="22" count="20" type="stmt"/>
        <line num="25" count="20" type="stmt"/>
        <line num="27" count="20" type="stmt"/>
        <line num="40" count="2" type="stmt"/>
        <line num="49" count="0" type="stmt"/>
      </file>
    </package>
    <package name="src.components.layout">
      <metrics statements="1" coveredstatements="1" conditionals="6" coveredconditionals="5" methods="1" coveredmethods="1"/>
      <file name="PageContainer.jsx" path="C:\Users\miche\OneDrive\Desktop\ProyectoGrado\frontend\src\components\layout\PageContainer.jsx">
        <metrics statements="1" coveredstatements="1" conditionals="6" coveredconditionals="5" methods="1" coveredmethods="1"/>
        <line num="8" count="20" type="stmt"/>
      </file>
    </package>
    <package name="src.pages">
      <metrics statements="23" coveredstatements="21" conditionals="16" coveredconditionals="14" methods="4" coveredmethods="4"/>
      <file name="Login.jsx" path="C:\Users\miche\OneDrive\Desktop\ProyectoGrado\frontend\src\pages\Login.jsx">
        <metrics statements="23" coveredstatements="21" conditionals="16" coveredconditionals="14" methods="4" coveredmethods="4"/>
        <line num="13" count="2" type="stmt"/>
        <line num="19" count="20" type="stmt"/>
        <line num="20" count="20" type="stmt"/>
        <line num="21" count="20" type="cond" truecount="2" falsecount="0"/>
        <line num="22" count="20" type="stmt"/>
        <line num="28" count="20" type="stmt"/>
        <line num="35" count="20" type="stmt"/>
        <line num="36" count="20" type="stmt"/>
        <line num="38" count="20" type="stmt"/>
        <line num="39" count="2" type="stmt"/>
        <line num="40" count="2" type="stmt"/>
        <line num="41" count="2" type="stmt"/>
        <line num="42" count="1" type="cond" truecount="3" falsecount="1"/>
        <line num="43" count="0" type="stmt"/>
        <line num="44" count="0" type="stmt"/>
        <line num="46" count="1" type="stmt"/>
        <line num="47" count="1" type="stmt"/>
        <line num="48" count="1" type="cond" truecount="3" falsecount="1"/>
        <line num="49" count="2" type="stmt"/>
        <line num="51" count="1" type="stmt"/>
        <line num="55" count="20" type="stmt"/>
        <line num="98" count="2" type="stmt"/>
        <line num="109" count="2" type="stmt"/>
      </file>
    </package>
    <package name="src.services">
      <metrics statements="77" coveredstatements="12" conditionals="28" coveredconditionals="3" methods="31" coveredmethods="0"/>
      <file name="api.js" path="C:\Users\miche\OneDrive\Desktop\ProyectoGrado\frontend\src\services\api.js">
        <metrics statements="77" coveredstatements="12" conditionals="28" coveredconditionals="3" methods="31" coveredmethods="0"/>
        <line num="5" count="1" type="cond" truecount="2" falsecount="0"/>
        <line num="8" count="1" type="stmt"/>
        <line num="16" count="1" type="stmt"/>
        <line num="19" count="0" type="stmt"/>
        <line num="20" count="0" type="stmt"/>
        <line num="21" count="0" type="stmt"/>
        <line num="25" count="0" type="cond" truecount="0" falsecount="2"/>
        <line num="26" count="0" type="stmt"/>
        <line num="27" count="0" type="cond" truecount="0" falsecount="2"/>
        <line num="28" count="0" type="stmt"/>
        <line num="29" count="0" type="stmt"/>
        <line num="31" count="0" type="stmt"/>
        <line num="34" count="0" type="stmt"/>
        <line num="38" count="0" type="stmt"/>
        <line num="39" count="0" type="stmt"/>
        <line num="47" count="0" type="cond" truecount="0" falsecount="2"/>
        <line num="48" count="0" type="stmt"/>
        <line num="51" count="0" type="stmt"/>
        <line num="52" count="0" type="cond" truecount="0" falsecount="2"/>
        <line num="53" count="0" type="stmt"/>
        <line num="54" count="0" type="stmt"/>
        <line num="57" count="0" type="cond" truecount="0" falsecount="2"/>
        <line num="59" count="0" type="stmt"/>
        <line num="62" count="0" type="stmt"/>
        <line num="63" count="0" type="cond" truecount="0" falsecount="2"/>
        <line num="64" count="0" type="stmt"/>
        <line num="66" count="0" type="stmt"/>
        <line num="67" count="0" type="stmt"/>
        <line num="70" count="0" type="stmt"/>
        <line num="71" count="0" type="stmt"/>
        <line num="74" count="0" type="stmt"/>
        <line num="77" count="0" type="stmt"/>
        <line num="80" count="1" type="stmt"/>
        <line num="81" count="0" type="stmt"/>
        <line num="82" count="0" type="cond" truecount="0" falsecount="2"/>
        <line num="83" count="0" type="stmt"/>
        <line num="85" count="0" type="stmt"/>
        <line num="88" count="1" type="stmt"/>
        <line num="89" count="0" type="stmt"/>
        <line num="91" count="0" type="stmt"/>
        <line num="92" count="0" type="stmt"/>
        <line num="94" count="0" type="cond" truecount="0" falsecount="2"/>
        <line num="100" count="0" type="stmt"/>
        <line num="103" count="0" type="stmt"/>
        <line num="105" count="0" type="stmt"/>
        <line num="106" count="0" type="stmt"/>
        <line num="107" count="0" type="stmt"/>
        <line num="108" count="0" type="stmt"/>
        <line num="110" count="0" type="stmt"/>
        <line num="115" count="1" type="stmt"/>
        <line num="117" count="0" type="stmt"/>
        <line num="118" count="0" type="stmt"/>
        <line num="119" count="0" type="stmt"/>
        <line num="120" count="0" type="stmt"/>
        <line num="121" count="0" type="stmt"/>
        <line num="122" count="0" type="stmt"/>
        <line num="123" count="0" type="stmt"/>
        <line num="126" count="1" type="stmt"/>
        <line num="127" count="0" type="stmt"/>
        <line num="128" count="0" type="stmt"/>
        <line num="131" count="1" type="stmt"/>
        <line num="132" count="0" type="stmt"/>
        <line num="133" count="0" type="stmt"/>
        <line num="134" count="0" type="stmt"/>
        <line num="135" count="0" type="stmt"/>
        <line num="136" count="0" type="stmt"/>
        <line num="139" count="1" type="stmt"/>
        <line num="141" count="0" type="stmt"/>
        <line num="144" count="1" type="stmt"/>
        <line num="145" count="0" type="stmt"/>
        <line num="146" count="0" type="stmt"/>
        <line num="147" count="0" type="stmt"/>
        <line num="150" count="1" type="stmt"/>
        <line num="151" count="0" type="stmt"/>
        <line num="152" count="0" type="stmt"/>
        <line num="155" count="1" type="stmt"/>
        <line num="157" count="0" type="stmt"/>
      </file>
    </package>
    <package name="src.utils">
      <metrics statements="44" coveredstatements="37" conditionals="52" coveredconditionals="40" methods="5" coveredmethods="4"/>
      <file name="apiError.js" path="C:\Users\miche\OneDrive\Desktop\ProyectoGrado\frontend\src\utils\apiError.js">
        <metrics statements="44" coveredstatements="37" conditionals="52" coveredconditionals="40" methods="5" coveredmethods="4"/>
        <line num="5" count="11" type="cond" truecount="2" falsecount="0"/>
        <line num="6" count="2" type="cond" truecount="2" falsecount="0"/>
        <line num="7" count="1" type="stmt"/>
        <line num="9" count="1" type="cond" truecount="2" falsecount="2"/>
        <line num="10" count="1" type="stmt"/>
        <line num="12" count="0" type="stmt"/>
        <line num="15" count="9" type="stmt"/>
        <line num="17" count="9" type="cond" truecount="4" falsecount="0"/>
        <line num="18" count="1" type="stmt"/>
        <line num="21" count="8" type="cond" truecount="2" falsecount="0"/>
        <line num="22" count="3" type="stmt"/>
        <line num="23" count="3" type="cond" truecount="2" falsecount="0"/>
        <line num="24" count="1" type="cond" truecount="1" falsecount="1"/>
        <line num="25" count="1" type="cond" truecount="1" falsecount="1"/>
        <line num="26" count="2" type="cond" truecount="3" falsecount="1"/>
        <line num="33" count="5" type="stmt"/>
        <line num="36" count="6" type="cond" truecount="1" falsecount="1"/>
        <line num="37" count="6" type="cond" truecount="1" falsecount="1"/>
        <line num="38" count="0" type="stmt"/>
        <line num="39" count="0" type="stmt"/>
        <line num="41" count="6" type="cond" truecount="1" falsecount="1"/>
        <line num="42" count="0" type="stmt"/>
        <line num="43" count="0" type="stmt"/>
        <line num="45" count="6" type="cond" truecount="1" falsecount="1"/>
        <line num="46" count="6" type="stmt"/>
        <line num="47" count="3" type="stmt"/>
        <line num="48" count="3" type="cond" truecount="2" falsecount="0"/>
        <line num="49" count="2" type="stmt"/>
        <line num="50" count="2" type="cond" truecount="1" falsecount="1"/>
        <line num="51" count="0" type="stmt"/>
        <line num="53" count="1" type="cond" truecount="1" falsecount="1"/>
        <line num="54" count="0" type="stmt"/>
        <line num="55" count="1" type="cond" truecount="3" falsecount="1"/>
        <line num="56" count="1" type="stmt"/>
        <line num="62" count="5" type="stmt"/>
        <line num="64" count="5" type="cond" truecount="2" falsecount="0"/>
        <line num="65" count="1" type="stmt"/>
        <line num="68" count="4" type="cond" truecount="2" falsecount="0"/>
        <line num="69" count="1" type="stmt"/>
        <line num="71" count="3" type="cond" truecount="2" falsecount="0"/>
        <line num="72" count="1" type="stmt"/>
        <line num="74" count="2" type="cond" truecount="2" falsecount="0"/>
        <line num="75" count="1" type="stmt"/>
        <line num="78" count="1" type="stmt"/>
      </file>
    </package>
  </project>
</coverage>
