{"C:\\Users\\miche\\OneDrive\\Desktop\\ProyectoGrado\\frontend\\src\\App.jsx": {"path":"C:\\Users\\miche\\OneDrive\\Desktop\\ProyectoGrado\\frontend\\src\\App.jsx","statementMap":{"0":{"start":{"line":16,"column":2},"end":{"line":76,"column":null}}},"fnMap":{"0":{"name":"App","decl":{"start":{"line":15,"column":9},"end":{"line":15,"column":15}},"loc":{"start":{"line":15,"column":15},"end":{"line":76,"column":null}},"line":15}},"branchMap":{},"s":{"0":7},"f":{"0":7},"b":{},"meta":{"lastBranch":0,"lastFunction":1,"lastStatement":1,"seen":{"f:15:9:15:15":0,"s:16:2:76:Infinity":0}}}
,"C:\\Users\\miche\\OneDrive\\Desktop\\ProyectoGrado\\frontend\\src\\components\\AdminRoute.jsx": {"path":"C:\\Users\\miche\\OneDrive\\Desktop\\ProyectoGrado\\frontend\\src\\components\\AdminRoute.jsx","statementMap":{"0":{"start":{"line":9,"column":8},"end":{"line":9,"column":32}},"1":{"start":{"line":10,"column":16},"end":{"line":10,"column":47}},"2":{"start":{"line":12,"column":2},"end":{"line":33,"column":null}},"3":{"start":{"line":13,"column":18},"end":{"line":13,"column":54}},"4":{"start":{"line":14,"column":4},"end":{"line":16,"column":null}},"5":{"start":{"line":15,"column":6},"end":{"line":15,"column":null}},"6":{"start":{"line":16,"column":6},"end":{"line":16,"column":null}},"7":{"start":{"line":19,"column":20},"end":{"line":19,"column":null}},"8":{"start":{"line":20,"column":4},"end":{"line":28,"column":null}},"9":{"start":{"line":21,"column":6},"end":{"line":26,"column":null}},"10":{"start":{"line":22,"column":25},"end":{"line":22,"column":49}},"11":{"start":{"line":23,"column":8},"end":{"line":23,"column":null}},"12":{"start":{"line":23,"column":23},"end":{"line":23,"column":null}},"13":{"start":{"line":24,"column":8},"end":{"line":24,"column":null}},"14":{"start":{"line":26,"column":8},"end":{"line":26,"column":null}},"15":{"start":{"line":26,"column":24},"end":{"line":26,"column":null}},"16":{"start":{"line":30,"column":4},"end":{"line":31,"column":null}},"17":{"start":{"line":31,"column":6},"end":{"line":31,"column":null}},"18":{"start":{"line":35,"column":2},"end":{"line":39,"column":null}},"19":{"start":{"line":36,"column":4},"end":{"line":39,"column":null}},"20":{"start":{"line":44,"column":2},"end":{"line":45,"column":null}},"21":{"start":{"line":45,"column":4},"end":{"line":45,"column":null}},"22":{"start":{"line":48,"column":2},"end":{"line":49,"column":null}},"23":{"start":{"line":49,"column":4},"end":{"line":49,"column":null}},"24":{"start":{"line":52,"column":2},"end":{"line":52,"column":null}}},"fnMap":{"0":{"name":"AdminRoute","decl":{"start":{"line":8,"column":24},"end":{"line":8,"column":35}},"loc":{"start":{"line":8,"column":49},"end":{"line":52,"column":null}},"line":8},"1":{"name":"(anonymous_1)","decl":{"start":{"line":12,"column":2},"end":{"line":12,"column":18}},"loc":{"start":{"line":12,"column":18},"end":{"line":33,"column":7}},"line":12},"2":{"name":"(anonymous_2)","decl":{"start":{"line":20,"column":5},"end":{"line":20,"column":17}},"loc":{"start":{"line":20,"column":17},"end":{"line":28,"column":null}},"line":20},"3":{"name":"(anonymous_3)","decl":{"start":{"line":30,"column":4},"end":{"line":30,"column":17}},"loc":{"start":{"line":30,"column":17},"end":{"line":31,"column":null}},"line":30}},"branchMap":{"0":{"loc":{"start":{"line":14,"column":4},"end":{"line":16,"column":null}},"type":"if","locations":[{"start":{"line":14,"column":4},"end":{"line":16,"column":null}},{"start":{},"end":{}}],"line":14},"1":{"loc":{"start":{"line":23,"column":8},"end":{"line":23,"column":null}},"type":"if","locations":[{"start":{"line":23,"column":8},"end":{"line":23,"column":null}},{"start":{},"end":{}}],"line":23},"2":{"loc":{"start":{"line":24,"column":17},"end":{"line":24,"column":53}},"type":"cond-expr","locations":[{"start":{"line":24,"column":34},"end":{"line":24,"column":41}},{"start":{"line":24,"column":41},"end":{"line":24,"column":53}}],"line":24},"3":{"loc":{"start":{"line":26,"column":8},"end":{"line":26,"column":null}},"type":"if","locations":[{"start":{"line":26,"column":8},"end":{"line":26,"column":null}},{"start":{},"end":{}}],"line":26},"4":{"loc":{"start":{"line":35,"column":2},"end":{"line":39,"column":null}},"type":"if","locations":[{"start":{"line":35,"column":2},"end":{"line":39,"column":null}},{"start":{},"end":{}}],"line":35},"5":{"loc":{"start":{"line":44,"column":2},"end":{"line":45,"column":null}},"type":"if","locations":[{"start":{"line":44,"column":2},"end":{"line":45,"column":null}},{"start":{},"end":{}}],"line":44},"6":{"loc":{"start":{"line":48,"column":2},"end":{"line":49,"column":null}},"type":"if","locations":[{"start":{"line":48,"column":2},"end":{"line":49,"column":null}},{"start":{},"end":{}}],"line":48}},"s":{"0":8,"1":8,"2":8,"3":4,"4":4,"5":1,"6":1,"7":3,"8":3,"9":3,"10":3,"11":2,"12":0,"13":2,"14":1,"15":1,"16":3,"17":3,"18":8,"19":4,"20":4,"21":2,"22":2,"23":1,"24":1},"f":{"0":8,"1":4,"2":3,"3":3},"b":{"0":[1,3],"1":[0,2],"2":[1,1],"3":[1,0],"4":[4,4],"5":[2,2],"6":[1,1]},"meta":{"lastBranch":7,"lastFunction":4,"lastStatement":25,"seen":{"f:8:24:8:35":0,"s:9:8:9:32":0,"s:10:16:10:47":1,"s:12:2:33:Infinity":2,"f:12:2:12:18":1,"s:13:18:13:54":3,"b:14:4:16:Infinity:undefined:undefined:undefined:undefined":0,"s:14:4:16:Infinity":4,"s:15:6:15:Infinity":5,"s:16:6:16:Infinity":6,"s:19:20:19:Infinity":7,"s:20:4:28:Infinity":8,"f:20:5:20:17":2,"s:21:6:26:Infinity":9,"s:22:25:22:49":10,"b:23:8:23:Infinity:undefined:undefined:undefined:undefined":1,"s:23:8:23:Infinity":11,"s:23:23:23:Infinity":12,"s:24:8:24:Infinity":13,"b:24:34:24:41:24:41:24:53":2,"b:26:8:26:Infinity:undefined:undefined:undefined:undefined":3,"s:26:8:26:Infinity":14,"s:26:24:26:Infinity":15,"s:30:4:31:Infinity":16,"f:30:4:30:17":3,"s:31:6:31:Infinity":17,"b:35:2:39:Infinity:undefined:undefined:undefined:undefined":4,"s:35:2:39:Infinity":18,"s:36:4:39:Infinity":19,"b:44:2:45:Infinity:undefined:undefined:undefined:undefined":5,"s:44:2:45:Infinity":20,"s:45:4:45:Infinity":21,"b:48:2:49:Infinity:undefined:undefined:undefined:undefined":6,"s:48:2:49:Infinity":22,"s:49:4:49:Infinity":23,"s:52:2:52:Infinity":24}}}
,"C:\\Users\\miche\\OneDrive\\Desktop\\ProyectoGrado\\frontend\\src\\components\\ProtectedRoute.jsx": {"path":"C:\\Users\\miche\\OneDrive\\Desktop\\ProyectoGrado\\frontend\\src\\components\\ProtectedRoute.jsx","statementMap":{"0":{"start":{"line":4,"column":21},"end":{"line":4,"column":59}},"1":{"start":{"line":5,"column":8},"end":{"line":5,"column":32}},"2":{"start":{"line":7,"column":2},"end":{"line":8,"column":null}},"3":{"start":{"line":8,"column":4},"end":{"line":8,"column":null}},"4":{"start":{"line":10,"column":2},"end":{"line":10,"column":null}}},"fnMap":{"0":{"name":"ProtectedRoute","decl":{"start":{"line":3,"column":24},"end":{"line":3,"column":39}},"loc":{"start":{"line":3,"column":53},"end":{"line":10,"column":null}},"line":3}},"branchMap":{"0":{"loc":{"start":{"line":7,"column":2},"end":{"line":8,"column":null}},"type":"if","locations":[{"start":{"line":7,"column":2},"end":{"line":8,"column":null}},{"start":{},"end":{}}],"line":7}},"s":{"0":2,"1":2,"2":2,"3":1,"4":1},"f":{"0":2},"b":{"0":[1,1]},"meta":{"lastBranch":1,"lastFunction":1,"lastStatement":5,"seen":{"f:3:24:3:39":0,"s:4:21:4:59":0,"s:5:8:5:32":1,"b:7:2:8:Infinity:undefined:undefined:undefined:undefined":0,"s:7:2:8:Infinity":2,"s:8:4:8:Infinity":3,"s:10:2:10:Infinity":4}}}
,"C:\\Users\\miche\\OneDrive\\Desktop\\ProyectoGrado\\frontend\\src\\components\\auth\\AuthCard.jsx": {"path":"C:\\Users\\miche\\OneDrive\\Desktop\\ProyectoGrado\\frontend\\src\\components\\auth\\AuthCard.jsx","statementMap":{"0":{"start":{"line":2,"column":2},"end":{"line":13,"column":null}}},"fnMap":{"0":{"name":"AuthCard","decl":{"start":{"line":1,"column":24},"end":{"line":1,"column":33}},"loc":{"start":{"line":1,"column":64},"end":{"line":13,"column":null}},"line":1}},"branchMap":{"0":{"loc":{"start":{"line":5,"column":9},"end":{"line":6,"column":null}},"type":"binary-expr","locations":[{"start":{"line":5,"column":9},"end":{"line":5,"column":null}},{"start":{"line":6,"column":10},"end":{"line":6,"column":null}}],"line":5},"1":{"loc":{"start":{"line":8,"column":9},"end":{"line":9,"column":null}},"type":"binary-expr","locations":[{"start":{"line":8,"column":9},"end":{"line":8,"column":null}},{"start":{"line":9,"column":10},"end":{"line":9,"column":null}}],"line":8}},"s":{"0":20},"f":{"0":20},"b":{"0":[20,0],"1":[20,0]},"meta":{"lastBranch":2,"lastFunction":1,"lastStatement":1,"seen":{"f:1:24:1:33":0,"s:2:2:13:Infinity":0,"b:5:9:5:Infinity:6:10:6:Infinity":0,"b:8:9:8:Infinity:9:10:9:Infinity":1}}}
,"C:\\Users\\miche\\OneDrive\\Desktop\\ProyectoGrado\\frontend\\src\\components\\auth\\InputField.jsx": {"path":"C:\\Users\\miche\\OneDrive\\Desktop\\ProyectoGrado\\frontend\\src\\components\\auth\\InputField.jsx","statementMap":{"0":{"start":{"line":13,"column":2},"end":{"line":36,"column":null}},"1":{"start":{"line":24,"column":25},"end":{"line":24,"column":51}}},"fnMap":{"0":{"name":"InputField","decl":{"start":{"line":1,"column":24},"end":{"line":1,"column":35}},"loc":{"start":{"line":12,"column":3},"end":{"line":36,"column":null}},"line":12},"1":{"name":"(anonymous_1)","decl":{"start":{"line":24,"column":8},"end":{"line":24,"column":19}},"loc":{"start":{"line":24,"column":25},"end":{"line":24,"column":51}},"line":24}},"branchMap":{"0":{"loc":{"start":{"line":7,"column":2},"end":{"line":7,"column":null}},"type":"default-arg","locations":[{"start":{"line":7,"column":9},"end":{"line":7,"column":null}}],"line":7},"1":{"loc":{"start":{"line":10,"column":2},"end":{"line":10,"column":null}},"type":"default-arg","locations":[{"start":{"line":10,"column":13},"end":{"line":10,"column":null}}],"line":10},"2":{"loc":{"start":{"line":11,"column":2},"end":{"line":11,"column":null}},"type":"default-arg","locations":[{"start":{"line":11,"column":13},"end":{"line":11,"column":null}}],"line":11},"3":{"loc":{"start":{"line":15,"column":7},"end":{"line":18,"column":null}},"type":"binary-expr","locations":[{"start":{"line":15,"column":7},"end":{"line":15,"column":null}},{"start":{"line":16,"column":8},"end":{"line":18,"column":null}}],"line":15},"4":{"loc":{"start":{"line":30,"column":12},"end":{"line":30,"column":null}},"type":"cond-expr","locations":[{"start":{"line":30,"column":20},"end":{"line":30,"column":72}},{"start":{"line":30,"column":72},"end":{"line":30,"column":null}}],"line":30},"5":{"loc":{"start":{"line":31,"column":12},"end":{"line":31,"column":null}},"type":"cond-expr","locations":[{"start":{"line":31,"column":23},"end":{"line":31,"column":57}},{"start":{"line":31,"column":57},"end":{"line":31,"column":null}}],"line":31},"6":{"loc":{"start":{"line":36,"column":7},"end":{"line":36,"column":null}},"type":"binary-expr","locations":[{"start":{"line":36,"column":7},"end":{"line":36,"column":16}},{"start":{"line":36,"column":16},"end":{"line":36,"column":null}}],"line":36}},"s":{"0":20,"1":2},"f":{"0":20,"1":2},"b":{"0":[20],"1":[20],"2":[20],"3":[20,20],"4":[0,20],"5":[0,20],"6":[20,0]},"meta":{"lastBranch":7,"lastFunction":2,"lastStatement":2,"seen":{"f:1:24:1:35":0,"b:7:9:7:Infinity":0,"b:10:13:10:Infinity":1,"b:11:13:11:Infinity":2,"s:13:2:36:Infinity":0,"b:15:7:15:Infinity:16:8:18:Infinity":3,"f:24:8:24:19":1,"s:24:25:24:51":1,"b:30:20:30:72:30:72:30:Infinity":4,"b:31:23:31:57:31:57:31:Infinity":5,"b:36:7:36:16:36:16:36:Infinity":6}}}
,"C:\\Users\\miche\\OneDrive\\Desktop\\ProyectoGrado\\frontend\\src\\components\\auth\\PasswordInput.jsx": {"path":"C:\\Users\\miche\\OneDrive\\Desktop\\ProyectoGrado\\frontend\\src\\components\\auth\\PasswordInput.jsx","statementMap":{"0":{"start":{"line":13,"column":15},"end":{"line":13,"column":41}},"1":{"start":{"line":16,"column":4},"end":{"line":16,"column":null}},"2":{"start":{"line":19,"column":4},"end":{"line":19,"column":null}},"3":{"start":{"line":22,"column":4},"end":{"line":22,"column":null}},"4":{"start":{"line":25,"column":4},"end":{"line":25,"column":null}},"5":{"start":{"line":27,"column":2},"end":{"line":57,"column":null}},"6":{"start":{"line":40,"column":27},"end":{"line":40,"column":53}},"7":{"start":{"line":49,"column":25},"end":{"line":49,"column":43}},"8":{"start":{"line":49,"column":40},"end":{"line":49,"column":43}}},"fnMap":{"0":{"name":"PasswordInput","decl":{"start":{"line":4,"column":24},"end":{"line":4,"column":38}},"loc":{"start":{"line":12,"column":3},"end":{"line":57,"column":null}},"line":12},"1":{"name":"(anonymous_1)","decl":{"start":{"line":40,"column":10},"end":{"line":40,"column":21}},"loc":{"start":{"line":40,"column":27},"end":{"line":40,"column":53}},"line":40},"2":{"name":"(anonymous_2)","decl":{"start":{"line":49,"column":10},"end":{"line":49,"column":25}},"loc":{"start":{"line":49,"column":25},"end":{"line":49,"column":43}},"line":49},"3":{"name":"(anonymous_3)","decl":{"start":{"line":49,"column":25},"end":{"line":49,"column":34}},"loc":{"start":{"line":49,"column":40},"end":{"line":49,"column":43}},"line":49}},"branchMap":{"0":{"loc":{"start":{"line":29,"column":7},"end":{"line":32,"column":null}},"type":"binary-expr","locations":[{"start":{"line":29,"column":7},"end":{"line":29,"column":null}},{"start":{"line":30,"column":8},"end":{"line":32,"column":null}}],"line":29},"1":{"loc":{"start":{"line":38,"column":16},"end":{"line":38,"column":null}},"type":"cond-expr","locations":[{"start":{"line":38,"column":23},"end":{"line":38,"column":32}},{"start":{"line":38,"column":32},"end":{"line":38,"column":null}}],"line":38},"2":{"loc":{"start":{"line":43,"column":37},"end":{"line":43,"column":null}},"type":"cond-expr","locations":[{"start":{"line":43,"column":45},"end":{"line":43,"column":59}},{"start":{"line":43,"column":59},"end":{"line":43,"column":null}}],"line":43},"3":{"loc":{"start":{"line":50,"column":38},"end":{"line":50,"column":69}},"type":"cond-expr","locations":[{"start":{"line":50,"column":46},"end":{"line":50,"column":60}},{"start":{"line":50,"column":60},"end":{"line":50,"column":69}}],"line":50},"4":{"loc":{"start":{"line":51,"column":22},"end":{"line":51,"column":null}},"type":"cond-expr","locations":[{"start":{"line":51,"column":29},"end":{"line":51,"column":52}},{"start":{"line":51,"column":52},"end":{"line":51,"column":null}}],"line":51},"5":{"loc":{"start":{"line":53,"column":11},"end":{"line":53,"column":null}},"type":"cond-expr","locations":[{"start":{"line":53,"column":18},"end":{"line":53,"column":42}},{"start":{"line":53,"column":41},"end":{"line":53,"column":null}}],"line":53},"6":{"loc":{"start":{"line":57,"column":7},"end":{"line":57,"column":null}},"type":"binary-expr","locations":[{"start":{"line":57,"column":7},"end":{"line":57,"column":16}},{"start":{"line":57,"column":16},"end":{"line":57,"column":null}}],"line":57}},"s":{"0":20,"1":20,"2":20,"3":20,"4":20,"5":20,"6":2,"7":0,"8":0},"f":{"0":20,"1":2,"2":0,"3":0},"b":{"0":[20,20],"1":[0,20],"2":[0,20],"3":[0,20],"4":[0,20],"5":[0,20],"6":[20,0]},"meta":{"lastBranch":7,"lastFunction":4,"lastStatement":9,"seen":{"f:4:24:4:38":0,"s:13:15:13:41":0,"s:16:4:16:Infinity":1,"s:19:4:19:Infinity":2,"s:22:4:22:Infinity":3,"s:25:4:25:Infinity":4,"s:27:2:57:Infinity":5,"b:29:7:29:Infinity:30:8:32:Infinity":0,"b:38:23:38:32:38:32:38:Infinity":1,"f:40:10:40:21":1,"s:40:27:40:53":6,"b:43:45:43:59:43:59:43:Infinity":2,"f:49:10:49:25":2,"s:49:25:49:43":7,"f:49:25:49:34":3,"s:49:40:49:43":8,"b:50:46:50:60:50:60:50:69":3,"b:51:29:51:52:51:52:51:Infinity":4,"b:53:18:53:42:53:41:53:Infinity":5,"b:57:7:57:16:57:16:57:Infinity":6}}}
,"C:\\Users\\miche\\OneDrive\\Desktop\\ProyectoGrado\\frontend\\src\\components\\layout\\PageContainer.jsx": {"path":"C:\\Users\\miche\\OneDrive\\Desktop\\ProyectoGrado\\frontend\\src\\components\\layout\\PageContainer.jsx","statementMap":{"0":{"start":{"line":8,"column":2},"end":{"line":18,"column":null}}},"fnMap":{"0":{"name":"PageContainer","decl":{"start":{"line":1,"column":24},"end":{"line":1,"column":38}},"loc":{"start":{"line":7,"column":3},"end":{"line":18,"column":null}},"line":7}},"branchMap":{"0":{"loc":{"start":{"line":3,"column":2},"end":{"line":3,"column":null}},"type":"default-arg","locations":[{"start":{"line":3,"column":14},"end":{"line":3,"column":null}}],"line":3},"1":{"loc":{"start":{"line":4,"column":2},"end":{"line":4,"column":null}},"type":"default-arg","locations":[{"start":{"line":4,"column":18},"end":{"line":4,"column":null}}],"line":4},"2":{"loc":{"start":{"line":5,"column":2},"end":{"line":5,"column":null}},"type":"default-arg","locations":[{"start":{"line":5,"column":14},"end":{"line":5,"column":null}}],"line":5},"3":{"loc":{"start":{"line":6,"column":6},"end":{"line":6,"column":null}},"type":"default-arg","locations":[{"start":{"line":6,"column":11},"end":{"line":6,"column":null}}],"line":6},"4":{"loc":{"start":{"line":12,"column":10},"end":{"line":12,"column":null}},"type":"cond-expr","locations":[{"start":{"line":12,"column":23},"end":{"line":12,"column":52}},{"start":{"line":12,"column":52},"end":{"line":12,"column":null}}],"line":12}},"s":{"0":20},"f":{"0":20},"b":{"0":[20],"1":[20],"2":[20],"3":[20],"4":[0,20]},"meta":{"lastBranch":5,"lastFunction":1,"lastStatement":1,"seen":{"f:1:24:1:38":0,"b:3:14:3:Infinity":0,"b:4:18:4:Infinity":1,"b:5:14:5:Infinity":2,"b:6:11:6:Infinity":3,"s:8:2:18:Infinity":0,"b:12:23:12:52:12:52:12:Infinity":4}}}
,"C:\\Users\\miche\\OneDrive\\Desktop\\ProyectoGrado\\frontend\\src\\pages\\Login.jsx": {"path":"C:\\Users\\miche\\OneDrive\\Desktop\\ProyectoGrado\\frontend\\src\\pages\\Login.jsx","statementMap":{"0":{"start":{"line":13,"column":20},"end":{"line":16,"column":2}},"1":{"start":{"line":19,"column":8},"end":{"line":19,"column":32}},"2":{"start":{"line":20,"column":8},"end":{"line":20,"column":32}},"3":{"start":{"line":21,"column":15},"end":{"line":21,"column":null}},"4":{"start":{"line":22,"column":22},"end":{"line":22,"column":52}},"5":{"start":{"line":28,"column":39},"end":{"line":33,"column":4}},"6":{"start":{"line":35,"column":16},"end":{"line":35,"column":30}},"7":{"start":{"line":36,"column":19},"end":{"line":36,"column":36}},"8":{"start":{"line":38,"column":19},"end":{"line":51,"column":null}},"9":{"start":{"line":39,"column":4},"end":{"line":39,"column":null}},"10":{"start":{"line":40,"column":4},"end":{"line":51,"column":null}},"11":{"start":{"line":41,"column":23},"end":{"line":41,"column":70}},"12":{"start":{"line":42,"column":6},"end":{"line":44,"column":null}},"13":{"start":{"line":43,"column":8},"end":{"line":43,"column":null}},"14":{"start":{"line":44,"column":8},"end":{"line":44,"column":null}},"15":{"start":{"line":46,"column":6},"end":{"line":46,"column":null}},"16":{"start":{"line":47,"column":6},"end":{"line":47,"column":null}},"17":{"start":{"line":48,"column":19},"end":{"line":48,"column":null}},"18":{"start":{"line":49,"column":6},"end":{"line":49,"column":null}},"19":{"start":{"line":51,"column":6},"end":{"line":51,"column":null}},"20":{"start":{"line":55,"column":2},"end":{"line":137,"column":null}},"21":{"start":{"line":98,"column":29},"end":{"line":98,"column":75}},"22":{"start":{"line":109,"column":29},"end":{"line":109,"column":78}}},"fnMap":{"0":{"name":"Login","decl":{"start":{"line":18,"column":24},"end":{"line":18,"column":32}},"loc":{"start":{"line":18,"column":32},"end":{"line":137,"column":null}},"line":18},"1":{"name":"(anonymous_1)","decl":{"start":{"line":38,"column":19},"end":{"line":38,"column":26}},"loc":{"start":{"line":38,"column":37},"end":{"line":51,"column":null}},"line":38},"2":{"name":"(anonymous_2)","decl":{"start":{"line":98,"column":12},"end":{"line":98,"column":23}},"loc":{"start":{"line":98,"column":29},"end":{"line":98,"column":75}},"line":98},"3":{"name":"(anonymous_3)","decl":{"start":{"line":109,"column":12},"end":{"line":109,"column":23}},"loc":{"start":{"line":109,"column":29},"end":{"line":109,"column":78}},"line":109}},"branchMap":{"0":{"loc":{"start":{"line":21,"column":15},"end":{"line":21,"column":null}},"type":"binary-expr","locations":[{"start":{"line":21,"column":15},"end":{"line":21,"column":49}},{"start":{"line":21,"column":49},"end":{"line":21,"column":null}}],"line":21},"1":{"loc":{"start":{"line":42,"column":6},"end":{"line":44,"column":null}},"type":"if","locations":[{"start":{"line":42,"column":6},"end":{"line":44,"column":null}},{"start":{},"end":{}}],"line":42},"2":{"loc":{"start":{"line":42,"column":10},"end":{"line":42,"column":43}},"type":"binary-expr","locations":[{"start":{"line":42,"column":10},"end":{"line":42,"column":27}},{"start":{"line":42,"column":27},"end":{"line":42,"column":43}}],"line":42},"3":{"loc":{"start":{"line":48,"column":19},"end":{"line":48,"column":null}},"type":"cond-expr","locations":[{"start":{"line":48,"column":42},"end":{"line":48,"column":49}},{"start":{"line":48,"column":49},"end":{"line":48,"column":null}}],"line":48},"4":{"loc":{"start":{"line":48,"column":19},"end":{"line":48,"column":42}},"type":"binary-expr","locations":[{"start":{"line":48,"column":19},"end":{"line":48,"column":27}},{"start":{"line":48,"column":27},"end":{"line":48,"column":42}}],"line":48},"5":{"loc":{"start":{"line":88,"column":11},"end":{"line":91,"column":null}},"type":"binary-expr","locations":[{"start":{"line":88,"column":11},"end":{"line":88,"column":null}},{"start":{"line":89,"column":12},"end":{"line":91,"column":null}}],"line":88},"6":{"loc":{"start":{"line":117,"column":22},"end":{"line":117,"column":null}},"type":"binary-expr","locations":[{"start":{"line":117,"column":22},"end":{"line":117,"column":34}},{"start":{"line":117,"column":34},"end":{"line":117,"column":null}}],"line":117},"7":{"loc":{"start":{"line":120,"column":13},"end":{"line":120,"column":null}},"type":"cond-expr","locations":[{"start":{"line":120,"column":28},"end":{"line":120,"column":44}},{"start":{"line":120,"column":44},"end":{"line":120,"column":null}}],"line":120}},"s":{"0":2,"1":20,"2":20,"3":20,"4":20,"5":20,"6":20,"7":20,"8":20,"9":2,"10":2,"11":2,"12":1,"13":0,"14":0,"15":1,"16":1,"17":1,"18":2,"19":1,"20":20,"21":2,"22":2},"f":{"0":20,"1":2,"2":2,"3":2},"b":{"0":[20,20],"1":[0,1],"2":[1,1],"3":[0,1],"4":[1,1],"5":[20,2],"6":[20,8],"7":[5,15]},"meta":{"lastBranch":8,"lastFunction":4,"lastStatement":23,"seen":{"s:13:20:16:2":0,"f:18:24:18:32":0,"s:19:8:19:32":1,"s:20:8:20:32":2,"s:21:15:21:Infinity":3,"b:21:15:21:49:21:49:21:Infinity":0,"s:22:22:22:52":4,"s:28:39:33:4":5,"s:35:16:35:30":6,"s:36:19:36:36":7,"s:38:19:51:Infinity":8,"f:38:19:38:26":1,"s:39:4:39:Infinity":9,"s:40:4:51:Infinity":10,"s:41:23:41:70":11,"b:42:6:44:Infinity:undefined:undefined:undefined:undefined":1,"s:42:6:44:Infinity":12,"b:42:10:42:27:42:27:42:43":2,"s:43:8:43:Infinity":13,"s:44:8:44:Infinity":14,"s:46:6:46:Infinity":15,"s:47:6:47:Infinity":16,"s:48:19:48:Infinity":17,"b:48:42:48:49:48:49:48:Infinity":3,"b:48:19:48:27:48:27:48:42":4,"s:49:6:49:Infinity":18,"s:51:6:51:Infinity":19,"s:55:2:137:Infinity":20,"b:88:11:88:Infinity:89:12:91:Infinity":5,"f:98:12:98:23":2,"s:98:29:98:75":21,"f:109:12:109:23":3,"s:109:29:109:78":22,"b:117:22:117:34:117:34:117:Infinity":6,"b:120:28:120:44:120:44:120:Infinity":7}}}
,"C:\\Users\\miche\\OneDrive\\Desktop\\ProyectoGrado\\frontend\\src\\services\\api.js": {"path":"C:\\Users\\miche\\OneDrive\\Desktop\\ProyectoGrado\\frontend\\src\\services\\api.js","statementMap":{"0":{"start":{"line":5,"column":2},"end":{"line":6,"column":72}},"1":{"start":{"line":8,"column":19},"end":{"line":13,"column":2}},"2":{"start":{"line":16,"column":21},"end":{"line":16,"column":25}},"3":{"start":{"line":19,"column":2},"end":{"line":19,"column":42}},"4":{"start":{"line":20,"column":2},"end":{"line":20,"column":43}},"5":{"start":{"line":21,"column":2},"end":{"line":21,"column":35}},"6":{"start":{"line":25,"column":2},"end":{"line":25,"column":30}},"7":{"start":{"line":25,"column":20},"end":{"line":25,"column":30}},"8":{"start":{"line":26,"column":14},"end":{"line":26,"column":24}},"9":{"start":{"line":27,"column":2},"end":{"line":33,"column":3}},"10":{"start":{"line":28,"column":4},"end":{"line":32,"column":5}},"11":{"start":{"line":29,"column":6},"end":{"line":29,"column":35}},"12":{"start":{"line":31,"column":6},"end":{"line":31,"column":17}},"13":{"start":{"line":34,"column":2},"end":{"line":34,"column":13}},"14":{"start":{"line":38,"column":15},"end":{"line":38,"column":36}},"15":{"start":{"line":39,"column":2},"end":{"line":43,"column":4}},"16":{"start":{"line":47,"column":2},"end":{"line":49,"column":3}},"17":{"start":{"line":48,"column":4},"end":{"line":48,"column":26}},"18":{"start":{"line":51,"column":18},"end":{"line":51,"column":55}},"19":{"start":{"line":52,"column":2},"end":{"line":55,"column":3}},"20":{"start":{"line":53,"column":4},"end":{"line":53,"column":28}},"21":{"start":{"line":54,"column":4},"end":{"line":54,"column":58}},"22":{"start":{"line":57,"column":23},"end":{"line":57,"column":88}},"23":{"start":{"line":59,"column":2},"end":{"line":75,"column":7}},"24":{"start":{"line":62,"column":21},"end":{"line":62,"column":33}},"25":{"start":{"line":63,"column":6},"end":{"line":65,"column":7}},"26":{"start":{"line":64,"column":8},"end":{"line":64,"column":65}},"27":{"start":{"line":66,"column":6},"end":{"line":66,"column":51}},"28":{"start":{"line":67,"column":6},"end":{"line":67,"column":20}},"29":{"start":{"line":70,"column":6},"end":{"line":70,"column":30}},"30":{"start":{"line":71,"column":6},"end":{"line":71,"column":16}},"31":{"start":{"line":74,"column":6},"end":{"line":74,"column":28}},"32":{"start":{"line":77,"column":2},"end":{"line":77,"column":24}},"33":{"start":{"line":80,"column":0},"end":{"line":86,"column":3}},"34":{"start":{"line":81,"column":16},"end":{"line":81,"column":52}},"35":{"start":{"line":82,"column":2},"end":{"line":84,"column":3}},"36":{"start":{"line":83,"column":4},"end":{"line":83,"column":53}},"37":{"start":{"line":85,"column":2},"end":{"line":85,"column":16}},"38":{"start":{"line":88,"column":0},"end":{"line":113,"column":2}},"39":{"start":{"line":89,"column":16},"end":{"line":89,"column":24}},"40":{"start":{"line":91,"column":28},"end":{"line":91,"column":40}},"41":{"start":{"line":92,"column":19},"end":{"line":92,"column":41}},"42":{"start":{"line":94,"column":4},"end":{"line":101,"column":5}},"43":{"start":{"line":100,"column":6},"end":{"line":100,"column":35}},"44":{"start":{"line":103,"column":4},"end":{"line":103,"column":34}},"45":{"start":{"line":105,"column":4},"end":{"line":111,"column":5}},"46":{"start":{"line":106,"column":21},"end":{"line":106,"column":47}},"47":{"start":{"line":107,"column":6},"end":{"line":107,"column":65}},"48":{"start":{"line":108,"column":6},"end":{"line":108,"column":34}},"49":{"start":{"line":110,"column":6},"end":{"line":110,"column":42}},"50":{"start":{"line":115,"column":20},"end":{"line":124,"column":1}},"51":{"start":{"line":117,"column":4},"end":{"line":117,"column":52}},"52":{"start":{"line":118,"column":22},"end":{"line":118,"column":58}},"53":{"start":{"line":119,"column":12},"end":{"line":119,"column":35}},"54":{"start":{"line":120,"column":22},"end":{"line":120,"column":53}},"55":{"start":{"line":121,"column":21},"end":{"line":121,"column":54}},"56":{"start":{"line":122,"column":31},"end":{"line":122,"column":77}},"57":{"start":{"line":123,"column":30},"end":{"line":123,"column":75}},"58":{"start":{"line":126,"column":23},"end":{"line":129,"column":1}},"59":{"start":{"line":127,"column":20},"end":{"line":127,"column":56}},"60":{"start":{"line":128,"column":18},"end":{"line":128,"column":48}},"61":{"start":{"line":131,"column":28},"end":{"line":137,"column":1}},"62":{"start":{"line":132,"column":20},"end":{"line":132,"column":62}},"63":{"start":{"line":133,"column":18},"end":{"line":133,"column":54}},"64":{"start":{"line":134,"column":20},"end":{"line":134,"column":57}},"65":{"start":{"line":135,"column":24},"end":{"line":135,"column":68}},"66":{"start":{"line":136,"column":18},"end":{"line":136,"column":57}},"67":{"start":{"line":139,"column":22},"end":{"line":142,"column":1}},"68":{"start":{"line":141,"column":4},"end":{"line":141,"column":57}},"69":{"start":{"line":144,"column":25},"end":{"line":148,"column":1}},"70":{"start":{"line":145,"column":14},"end":{"line":145,"column":40}},"71":{"start":{"line":146,"column":21},"end":{"line":146,"column":73}},"72":{"start":{"line":147,"column":26},"end":{"line":147,"column":69}},"73":{"start":{"line":150,"column":31},"end":{"line":153,"column":1}},"74":{"start":{"line":151,"column":14},"end":{"line":151,"column":46}},"75":{"start":{"line":152,"column":17},"end":{"line":152,"column":57}},"76":{"start":{"line":155,"column":28},"end":{"line":161,"column":1}},"77":{"start":{"line":157,"column":4},"end":{"line":160,"column":6}}},"fnMap":{"0":{"name":"clearAuthAndGoToLogin","decl":{"start":{"line":18,"column":9},"end":{"line":18,"column":30}},"loc":{"start":{"line":18,"column":33},"end":{"line":22,"column":1}},"line":18},"1":{"name":"getRequestUrl","decl":{"start":{"line":24,"column":9},"end":{"line":24,"column":22}},"loc":{"start":{"line":24,"column":31},"end":{"line":35,"column":1}},"line":24},"2":{"name":"isAuthBypassUrl","decl":{"start":{"line":37,"column":9},"end":{"line":37,"column":24}},"loc":{"start":{"line":37,"column":33},"end":{"line":44,"column":1}},"line":37},"3":{"name":"refreshAccessToken","decl":{"start":{"line":46,"column":9},"end":{"line":46,"column":27}},"loc":{"start":{"line":46,"column":30},"end":{"line":78,"column":1}},"line":46},"4":{"name":"(anonymous_4)","decl":{"start":{"line":61,"column":10},"end":{"line":61,"column":11}},"loc":{"start":{"line":61,"column":24},"end":{"line":68,"column":5}},"line":61},"5":{"name":"(anonymous_5)","decl":{"start":{"line":69,"column":11},"end":{"line":69,"column":12}},"loc":{"start":{"line":69,"column":20},"end":{"line":72,"column":5}},"line":69},"6":{"name":"(anonymous_6)","decl":{"start":{"line":73,"column":13},"end":{"line":73,"column":14}},"loc":{"start":{"line":73,"column":19},"end":{"line":75,"column":5}},"line":73},"7":{"name":"(anonymous_7)","decl":{"start":{"line":80,"column":29},"end":{"line":80,"column":30}},"loc":{"start":{"line":80,"column":41},"end":{"line":86,"column":1}},"line":80},"8":{"name":"(anonymous_8)","decl":{"start":{"line":89,"column":2},"end":{"line":89,"column":3}},"loc":{"start":{"line":89,"column":16},"end":{"line":89,"column":24}},"line":89},"9":{"name":"(anonymous_9)","decl":{"start":{"line":90,"column":2},"end":{"line":90,"column":7}},"loc":{"start":{"line":90,"column":19},"end":{"line":112,"column":3}},"line":90},"10":{"name":"(anonymous_10)","decl":{"start":{"line":116,"column":9},"end":{"line":116,"column":10}},"loc":{"start":{"line":117,"column":4},"end":{"line":117,"column":52}},"line":117},"11":{"name":"(anonymous_11)","decl":{"start":{"line":118,"column":12},"end":{"line":118,"column":13}},"loc":{"start":{"line":118,"column":22},"end":{"line":118,"column":58}},"line":118},"12":{"name":"(anonymous_12)","decl":{"start":{"line":119,"column":6},"end":{"line":119,"column":7}},"loc":{"start":{"line":119,"column":12},"end":{"line":119,"column":35}},"line":119},"13":{"name":"(anonymous_13)","decl":{"start":{"line":120,"column":12},"end":{"line":120,"column":13}},"loc":{"start":{"line":120,"column":22},"end":{"line":120,"column":53}},"line":120},"14":{"name":"(anonymous_14)","decl":{"start":{"line":121,"column":15},"end":{"line":121,"column":16}},"loc":{"start":{"line":121,"column":21},"end":{"line":121,"column":54}},"line":121},"15":{"name":"(anonymous_15)","decl":{"start":{"line":122,"column":18},"end":{"line":122,"column":19}},"loc":{"start":{"line":122,"column":31},"end":{"line":122,"column":77}},"line":122},"16":{"name":"(anonymous_16)","decl":{"start":{"line":123,"column":17},"end":{"line":123,"column":18}},"loc":{"start":{"line":123,"column":30},"end":{"line":123,"column":75}},"line":123},"17":{"name":"(anonymous_17)","decl":{"start":{"line":127,"column":8},"end":{"line":127,"column":9}},"loc":{"start":{"line":127,"column":20},"end":{"line":127,"column":56}},"line":127},"18":{"name":"(anonymous_18)","decl":{"start":{"line":128,"column":10},"end":{"line":128,"column":11}},"loc":{"start":{"line":128,"column":18},"end":{"line":128,"column":48}},"line":128},"19":{"name":"(anonymous_19)","decl":{"start":{"line":132,"column":8},"end":{"line":132,"column":9}},"loc":{"start":{"line":132,"column":20},"end":{"line":132,"column":62}},"line":132},"20":{"name":"(anonymous_20)","decl":{"start":{"line":133,"column":10},"end":{"line":133,"column":11}},"loc":{"start":{"line":133,"column":18},"end":{"line":133,"column":54}},"line":133},"21":{"name":"(anonymous_21)","decl":{"start":{"line":134,"column":10},"end":{"line":134,"column":11}},"loc":{"start":{"line":134,"column":20},"end":{"line":134,"column":57}},"line":134},"22":{"name":"(anonymous_22)","decl":{"start":{"line":135,"column":10},"end":{"line":135,"column":11}},"loc":{"start":{"line":135,"column":24},"end":{"line":135,"column":68}},"line":135},"23":{"name":"(anonymous_23)","decl":{"start":{"line":136,"column":10},"end":{"line":136,"column":11}},"loc":{"start":{"line":136,"column":18},"end":{"line":136,"column":57}},"line":136},"24":{"name":"(anonymous_24)","decl":{"start":{"line":140,"column":9},"end":{"line":140,"column":10}},"loc":{"start":{"line":141,"column":4},"end":{"line":141,"column":57}},"line":141},"25":{"name":"(anonymous_25)","decl":{"start":{"line":145,"column":8},"end":{"line":145,"column":9}},"loc":{"start":{"line":145,"column":14},"end":{"line":145,"column":40}},"line":145},"26":{"name":"(anonymous_26)","decl":{"start":{"line":146,"column":7},"end":{"line":146,"column":8}},"loc":{"start":{"line":146,"column":21},"end":{"line":146,"column":73}},"line":146},"27":{"name":"(anonymous_27)","decl":{"start":{"line":147,"column":10},"end":{"line":147,"column":11}},"loc":{"start":{"line":147,"column":26},"end":{"line":147,"column":69}},"line":147},"28":{"name":"(anonymous_28)","decl":{"start":{"line":151,"column":8},"end":{"line":151,"column":9}},"loc":{"start":{"line":151,"column":14},"end":{"line":151,"column":46}},"line":151},"29":{"name":"(anonymous_29)","decl":{"start":{"line":152,"column":11},"end":{"line":152,"column":12}},"loc":{"start":{"line":152,"column":17},"end":{"line":152,"column":57}},"line":152},"30":{"name":"(anonymous_30)","decl":{"start":{"line":156,"column":10},"end":{"line":156,"column":11}},"loc":{"start":{"line":157,"column":4},"end":{"line":160,"column":6}},"line":157}},"branchMap":{"0":{"loc":{"start":{"line":5,"column":2},"end":{"line":6,"column":72}},"type":"binary-expr","locations":[{"start":{"line":5,"column":2},"end":{"line":5,"column":30}},{"start":{"line":6,"column":3},"end":{"line":6,"column":71}}],"line":5},"1":{"loc":{"start":{"line":6,"column":3},"end":{"line":6,"column":71}},"type":"cond-expr","locations":[{"start":{"line":6,"column":25},"end":{"line":6,"column":27}},{"start":{"line":6,"column":30},"end":{"line":6,"column":71}}],"line":6},"2":{"loc":{"start":{"line":25,"column":2},"end":{"line":25,"column":30}},"type":"if","locations":[{"start":{"line":25,"column":2},"end":{"line":25,"column":30}},{"start":{},"end":{}}],"line":25},"3":{"loc":{"start":{"line":27,"column":2},"end":{"line":33,"column":3}},"type":"if","locations":[{"start":{"line":27,"column":2},"end":{"line":33,"column":3}},{"start":{},"end":{}}],"line":27},"4":{"loc":{"start":{"line":40,"column":4},"end":{"line":42,"column":38}},"type":"binary-expr","locations":[{"start":{"line":40,"column":4},"end":{"line":40,"column":36}},{"start":{"line":41,"column":4},"end":{"line":41,"column":39}},{"start":{"line":42,"column":4},"end":{"line":42,"column":38}}],"line":40},"5":{"loc":{"start":{"line":47,"column":2},"end":{"line":49,"column":3}},"type":"if","locations":[{"start":{"line":47,"column":2},"end":{"line":49,"column":3}},{"start":{},"end":{}}],"line":47},"6":{"loc":{"start":{"line":52,"column":2},"end":{"line":55,"column":3}},"type":"if","locations":[{"start":{"line":52,"column":2},"end":{"line":55,"column":3}},{"start":{},"end":{}}],"line":52},"7":{"loc":{"start":{"line":57,"column":23},"end":{"line":57,"column":88}},"type":"binary-expr","locations":[{"start":{"line":57,"column":23},"end":{"line":57,"column":30}},{"start":{"line":57,"column":34},"end":{"line":57,"column":88}}],"line":57},"8":{"loc":{"start":{"line":63,"column":6},"end":{"line":65,"column":7}},"type":"if","locations":[{"start":{"line":63,"column":6},"end":{"line":65,"column":7}},{"start":{},"end":{}}],"line":63},"9":{"loc":{"start":{"line":82,"column":2},"end":{"line":84,"column":3}},"type":"if","locations":[{"start":{"line":82,"column":2},"end":{"line":84,"column":3}},{"start":{},"end":{}}],"line":82},"10":{"loc":{"start":{"line":94,"column":4},"end":{"line":101,"column":5}},"type":"if","locations":[{"start":{"line":94,"column":4},"end":{"line":101,"column":5}},{"start":{},"end":{}}],"line":94},"11":{"loc":{"start":{"line":95,"column":6},"end":{"line":98,"column":38}},"type":"binary-expr","locations":[{"start":{"line":95,"column":6},"end":{"line":95,"column":20}},{"start":{"line":96,"column":6},"end":{"line":96,"column":22}},{"start":{"line":97,"column":6},"end":{"line":97,"column":28}},{"start":{"line":98,"column":6},"end":{"line":98,"column":38}}],"line":95},"12":{"loc":{"start":{"line":140,"column":13},"end":{"line":140,"column":24}},"type":"default-arg","locations":[{"start":{"line":140,"column":22},"end":{"line":140,"column":24}}],"line":140}},"s":{"0":1,"1":1,"2":1,"3":0,"4":0,"5":0,"6":0,"7":0,"8":0,"9":0,"10":0,"11":0,"12":0,"13":0,"14":0,"15":0,"16":0,"17":0,"18":0,"19":0,"20":0,"21":0,"22":0,"23":0,"24":0,"25":0,"26":0,"27":0,"28":0,"29":0,"30":0,"31":0,"32":0,"33":1,"34":0,"35":0,"36":0,"37":0,"38":1,"39":0,"40":0,"41":0,"42":0,"43":0,"44":0,"45":0,"46":0,"47":0,"48":0,"49":0,"50":1,"51":0,"52":0,"53":0,"54":0,"55":0,"56":0,"57":0,"58":1,"59":0,"60":0,"61":1,"62":0,"63":0,"64":0,"65":0,"66":0,"67":1,"68":0,"69":1,"70":0,"71":0,"72":0,"73":1,"74":0,"75":0,"76":1,"77":0},"f":{"0":0,"1":0,"2":0,"3":0,"4":0,"5":0,"6":0,"7":0,"8":0,"9":0,"10":0,"11":0,"12":0,"13":0,"14":0,"15":0,"16":0,"17":0,"18":0,"19":0,"20":0,"21":0,"22":0,"23":0,"24":0,"25":0,"26":0,"27":0,"28":0,"29":0,"30":0},"b":{"0":[1,1],"1":[1,0],"2":[0,0],"3":[0,0],"4":[0,0,0],"5":[0,0],"6":[0,0],"7":[0,0],"8":[0,0],"9":[0,0],"10":[0,0],"11":[0,0,0,0],"12":[0]},"meta":{"lastBranch":13,"lastFunction":31,"lastStatement":78,"seen":{"s:5:2:6:72":0,"b:5:2:5:30:6:3:6:71":0,"b:6:25:6:27:6:30:6:71":1,"s:8:19:13:2":1,"s:16:21:16:25":2,"f:18:9:18:30":0,"s:19:2:19:42":3,"s:20:2:20:43":4,"s:21:2:21:35":5,"f:24:9:24:22":1,"b:25:2:25:30:undefined:undefined:undefined:undefined":2,"s:25:2:25:30":6,"s:25:20:25:30":7,"s:26:14:26:24":8,"b:27:2:33:3:undefined:undefined:undefined:undefined":3,"s:27:2:33:3":9,"s:28:4:32:5":10,"s:29:6:29:35":11,"s:31:6:31:17":12,"s:34:2:34:13":13,"f:37:9:37:24":2,"s:38:15:38:36":14,"s:39:2:43:4":15,"b:40:4:40:36:41:4:41:39:42:4:42:38":4,"f:46:9:46:27":3,"b:47:2:49:3:undefined:undefined:undefined:undefined":5,"s:47:2:49:3":16,"s:48:4:48:26":17,"s:51:18:51:55":18,"b:52:2:55:3:undefined:undefined:undefined:undefined":6,"s:52:2:55:3":19,"s:53:4:53:28":20,"s:54:4:54:58":21,"s:57:23:57:88":22,"b:57:23:57:30:57:34:57:88":7,"s:59:2:75:7":23,"f:61:10:61:11":4,"s:62:21:62:33":24,"b:63:6:65:7:undefined:undefined:undefined:undefined":8,"s:63:6:65:7":25,"s:64:8:64:65":26,"s:66:6:66:51":27,"s:67:6:67:20":28,"f:69:11:69:12":5,"s:70:6:70:30":29,"s:71:6:71:16":30,"f:73:13:73:14":6,"s:74:6:74:28":31,"s:77:2:77:24":32,"s:80:0:86:3":33,"f:80:29:80:30":7,"s:81:16:81:52":34,"b:82:2:84:3:undefined:undefined:undefined:undefined":9,"s:82:2:84:3":35,"s:83:4:83:53":36,"s:85:2:85:16":37,"s:88:0:113:2":38,"f:89:2:89:3":8,"s:89:16:89:24":39,"f:90:2:90:7":9,"s:91:28:91:40":40,"s:92:19:92:41":41,"b:94:4:101:5:undefined:undefined:undefined:undefined":10,"s:94:4:101:5":42,"b:95:6:95:20:96:6:96:22:97:6:97:28:98:6:98:38":11,"s:100:6:100:35":43,"s:103:4:103:34":44,"s:105:4:111:5":45,"s:106:21:106:47":46,"s:107:6:107:65":47,"s:108:6:108:34":48,"s:110:6:110:42":49,"s:115:20:124:1":50,"f:116:9:116:10":10,"s:117:4:117:52":51,"f:118:12:118:13":11,"s:118:22:118:58":52,"f:119:6:119:7":12,"s:119:12:119:35":53,"f:120:12:120:13":13,"s:120:22:120:53":54,"f:121:15:121:16":14,"s:121:21:121:54":55,"f:122:18:122:19":15,"s:122:31:122:77":56,"f:123:17:123:18":16,"s:123:30:123:75":57,"s:126:23:129:1":58,"f:127:8:127:9":17,"s:127:20:127:56":59,"f:128:10:128:11":18,"s:128:18:128:48":60,"s:131:28:137:1":61,"f:132:8:132:9":19,"s:132:20:132:62":62,"f:133:10:133:11":20,"s:133:18:133:54":63,"f:134:10:134:11":21,"s:134:20:134:57":64,"f:135:10:135:11":22,"s:135:24:135:68":65,"f:136:10:136:11":23,"s:136:18:136:57":66,"s:139:22:142:1":67,"f:140:9:140:10":24,"s:141:4:141:57":68,"b:140:22:140:24":12,"s:144:25:148:1":69,"f:145:8:145:9":25,"s:145:14:145:40":70,"f:146:7:146:8":26,"s:146:21:146:73":71,"f:147:10:147:11":27,"s:147:26:147:69":72,"s:150:31:153:1":73,"f:151:8:151:9":28,"s:151:14:151:46":74,"f:152:11:152:12":29,"s:152:17:152:57":75,"s:155:28:161:1":76,"f:156:10:156:11":30,"s:157:4:160:6":77}}}
,"C:\\Users\\miche\\OneDrive\\Desktop\\ProyectoGrado\\frontend\\src\\utils\\apiError.js": {"path":"C:\\Users\\miche\\OneDrive\\Desktop\\ProyectoGrado\\frontend\\src\\utils\\apiError.js","statementMap":{"0":{"start":{"line":5,"column":2},"end":{"line":13,"column":3}},"1":{"start":{"line":6,"column":4},"end":{"line":8,"column":5}},"2":{"start":{"line":7,"column":6},"end":{"line":7,"column":65}},"3":{"start":{"line":9,"column":4},"end":{"line":11,"column":5}},"4":{"start":{"line":10,"column":6},"end":{"line":10,"column":97}},"5":{"start":{"line":12,"column":4},"end":{"line":12,"column":20}},"6":{"start":{"line":15,"column":27},"end":{"line":15,"column":41}},"7":{"start":{"line":17,"column":2},"end":{"line":19,"column":3}},"8":{"start":{"line":18,"column":4},"end":{"line":18,"column":23}},"9":{"start":{"line":21,"column":2},"end":{"line":31,"column":3}},"10":{"start":{"line":22,"column":14},"end":{"line":22,"column":25}},"11":{"start":{"line":23,"column":4},"end":{"line":23,"column":40}},"12":{"start":{"line":23,"column":31},"end":{"line":23,"column":40}},"13":{"start":{"line":24,"column":4},"end":{"line":30,"column":5}},"14":{"start":{"line":25,"column":6},"end":{"line":29,"column":20}},"15":{"start":{"line":26,"column":24},"end":{"line":26,"column":95}},"16":{"start":{"line":33,"column":17},"end":{"line":33,"column":19}},"17":{"start":{"line":36,"column":4},"end":{"line":36,"column":28}},"18":{"start":{"line":36,"column":21},"end":{"line":36,"column":28}},"19":{"start":{"line":37,"column":4},"end":{"line":40,"column":5}},"20":{"start":{"line":38,"column":6},"end":{"line":38,"column":23}},"21":{"start":{"line":39,"column":6},"end":{"line":39,"column":13}},"22":{"start":{"line":41,"column":4},"end":{"line":44,"column":5}},"23":{"start":{"line":42,"column":6},"end":{"line":42,"column":48}},"24":{"start":{"line":42,"column":28},"end":{"line":42,"column":46}},"25":{"start":{"line":43,"column":6},"end":{"line":43,"column":13}},"26":{"start":{"line":45,"column":4},"end":{"line":59,"column":5}},"27":{"start":{"line":46,"column":6},"end":{"line":58,"column":7}},"28":{"start":{"line":47,"column":20},"end":{"line":47,"column":28}},"29":{"start":{"line":48,"column":8},"end":{"line":57,"column":9}},"30":{"start":{"line":49,"column":10},"end":{"line":52,"column":13}},"31":{"start":{"line":50,"column":12},"end":{"line":51,"column":25}},"32":{"start":{"line":50,"column":39},"end":{"line":50,"column":54}},"33":{"start":{"line":51,"column":17},"end":{"line":51,"column":25}},"34":{"start":{"line":53,"column":15},"end":{"line":57,"column":9}},"35":{"start":{"line":54,"column":10},"end":{"line":54,"column":27}},"36":{"start":{"line":55,"column":15},"end":{"line":57,"column":9}},"37":{"start":{"line":56,"column":10},"end":{"line":56,"column":40}},"38":{"start":{"line":62,"column":2},"end":{"line":62,"column":13}},"39":{"start":{"line":64,"column":2},"end":{"line":66,"column":3}},"40":{"start":{"line":65,"column":4},"end":{"line":65,"column":42}},"41":{"start":{"line":68,"column":2},"end":{"line":70,"column":3}},"42":{"start":{"line":69,"column":4},"end":{"line":69,"column":57}},"43":{"start":{"line":71,"column":2},"end":{"line":73,"column":3}},"44":{"start":{"line":72,"column":4},"end":{"line":72,"column":58}},"45":{"start":{"line":74,"column":2},"end":{"line":76,"column":3}},"46":{"start":{"line":75,"column":4},"end":{"line":75,"column":54}},"47":{"start":{"line":78,"column":2},"end":{"line":78,"column":18}}},"fnMap":{"0":{"name":"getApiErrorMessage","decl":{"start":{"line":4,"column":16},"end":{"line":4,"column":34}},"loc":{"start":{"line":4,"column":96},"end":{"line":79,"column":1}},"line":4},"1":{"name":"(anonymous_1)","decl":{"start":{"line":26,"column":13},"end":{"line":26,"column":14}},"loc":{"start":{"line":26,"column":24},"end":{"line":26,"column":95}},"line":26},"2":{"name":"walk","decl":{"start":{"line":35,"column":11},"end":{"line":35,"column":15}},"loc":{"start":{"line":35,"column":34},"end":{"line":60,"column":3}},"line":35},"3":{"name":"(anonymous_3)","decl":{"start":{"line":42,"column":18},"end":{"line":42,"column":19}},"loc":{"start":{"line":42,"column":28},"end":{"line":42,"column":46}},"line":42},"4":{"name":"(anonymous_4)","decl":{"start":{"line":49,"column":22},"end":{"line":49,"column":23}},"loc":{"start":{"line":49,"column":29},"end":{"line":52,"column":11}},"line":49}},"branchMap":{"0":{"loc":{"start":{"line":4,"column":42},"end":{"line":4,"column":94}},"type":"default-arg","locations":[{"start":{"line":4,"column":53},"end":{"line":4,"column":94}}],"line":4},"1":{"loc":{"start":{"line":5,"column":2},"end":{"line":13,"column":3}},"type":"if","locations":[{"start":{"line":5,"column":2},"end":{"line":13,"column":3}},{"start":{},"end":{}}],"line":5},"2":{"loc":{"start":{"line":6,"column":4},"end":{"line":8,"column":5}},"type":"if","locations":[{"start":{"line":6,"column":4},"end":{"line":8,"column":5}},{"start":{},"end":{}}],"line":6},"3":{"loc":{"start":{"line":9,"column":4},"end":{"line":11,"column":5}},"type":"if","locations":[{"start":{"line":9,"column":4},"end":{"line":11,"column":5}},{"start":{},"end":{}}],"line":9},"4":{"loc":{"start":{"line":9,"column":8},"end":{"line":9,"column":63}},"type":"binary-expr","locations":[{"start":{"line":9,"column":8},"end":{"line":9,"column":42}},{"start":{"line":9,"column":46},"end":{"line":9,"column":63}}],"line":9},"5":{"loc":{"start":{"line":17,"column":2},"end":{"line":19,"column":3}},"type":"if","locations":[{"start":{"line":17,"column":2},"end":{"line":19,"column":3}},{"start":{},"end":{}}],"line":17},"6":{"loc":{"start":{"line":17,"column":6},"end":{"line":17,"column":45}},"type":"binary-expr","locations":[{"start":{"line":17,"column":6},"end":{"line":17,"column":30}},{"start":{"line":17,"column":34},"end":{"line":17,"column":45}}],"line":17},"7":{"loc":{"start":{"line":21,"column":2},"end":{"line":31,"column":3}},"type":"if","locations":[{"start":{"line":21,"column":2},"end":{"line":31,"column":3}},{"start":{},"end":{}}],"line":21},"8":{"loc":{"start":{"line":23,"column":4},"end":{"line":23,"column":40}},"type":"if","locations":[{"start":{"line":23,"column":4},"end":{"line":23,"column":40}},{"start":{},"end":{}}],"line":23},"9":{"loc":{"start":{"line":24,"column":4},"end":{"line":30,"column":5}},"type":"if","locations":[{"start":{"line":24,"column":4},"end":{"line":30,"column":5}},{"start":{},"end":{}}],"line":24},"10":{"loc":{"start":{"line":25,"column":13},"end":{"line":29,"column":19}},"type":"binary-expr","locations":[{"start":{"line":25,"column":13},"end":{"line":28,"column":18}},{"start":{"line":29,"column":11},"end":{"line":29,"column":19}}],"line":25},"11":{"loc":{"start":{"line":26,"column":24},"end":{"line":26,"column":95}},"type":"cond-expr","locations":[{"start":{"line":26,"column":51},"end":{"line":26,"column":55}},{"start":{"line":26,"column":58},"end":{"line":26,"column":95}}],"line":26},"12":{"loc":{"start":{"line":26,"column":58},"end":{"line":26,"column":95}},"type":"binary-expr","locations":[{"start":{"line":26,"column":58},"end":{"line":26,"column":71}},{"start":{"line":26,"column":75},"end":{"line":26,"column":95}}],"line":26},"13":{"loc":{"start":{"line":35,"column":21},"end":{"line":35,"column":32}},"type":"default-arg","locations":[{"start":{"line":35,"column":30},"end":{"line":35,"column":32}}],"line":35},"14":{"loc":{"start":{"line":36,"column":4},"end":{"line":36,"column":28}},"type":"if","locations":[{"start":{"line":36,"column":4},"end":{"line":36,"column":28}},{"start":{},"end":{}}],"line":36},"15":{"loc":{"start":{"line":37,"column":4},"end":{"line":40,"column":5}},"type":"if","locations":[{"start":{"line":37,"column":4},"end":{"line":40,"column":5}},{"start":{},"end":{}}],"line":37},"16":{"loc":{"start":{"line":41,"column":4},"end":{"line":44,"column":5}},"type":"if","locations":[{"start":{"line":41,"column":4},"end":{"line":44,"column":5}},{"start":{},"end":{}}],"line":41},"17":{"loc":{"start":{"line":45,"column":4},"end":{"line":59,"column":5}},"type":"if","locations":[{"start":{"line":45,"column":4},"end":{"line":59,"column":5}},{"start":{},"end":{}}],"line":45},"18":{"loc":{"start":{"line":48,"column":8},"end":{"line":57,"column":9}},"type":"if","locations":[{"start":{"line":48,"column":8},"end":{"line":57,"column":9}},{"start":{"line":53,"column":15},"end":{"line":57,"column":9}}],"line":48},"19":{"loc":{"start":{"line":50,"column":12},"end":{"line":51,"column":25}},"type":"if","locations":[{"start":{"line":50,"column":12},"end":{"line":51,"column":25}},{"start":{"line":51,"column":17},"end":{"line":51,"column":25}}],"line":50},"20":{"loc":{"start":{"line":53,"column":15},"end":{"line":57,"column":9}},"type":"if","locations":[{"start":{"line":53,"column":15},"end":{"line":57,"column":9}},{"start":{"line":55,"column":15},"end":{"line":57,"column":9}}],"line":53},"21":{"loc":{"start":{"line":55,"column":15},"end":{"line":57,"column":9}},"type":"if","locations":[{"start":{"line":55,"column":15},"end":{"line":57,"column":9}},{"start":{},"end":{}}],"line":55},"22":{"loc":{"start":{"line":55,"column":19},"end":{"line":55,"column":49}},"type":"binary-expr","locations":[{"start":{"line":55,"column":19},"end":{"line":55,"column":22}},{"start":{"line":55,"column":26},"end":{"line":55,"column":49}}],"line":55},"23":{"loc":{"start":{"line":64,"column":2},"end":{"line":66,"column":3}},"type":"if","locations":[{"start":{"line":64,"column":2},"end":{"line":66,"column":3}},{"start":{},"end":{}}],"line":64},"24":{"loc":{"start":{"line":68,"column":2},"end":{"line":70,"column":3}},"type":"if","locations":[{"start":{"line":68,"column":2},"end":{"line":70,"column":3}},{"start":{},"end":{}}],"line":68},"25":{"loc":{"start":{"line":71,"column":2},"end":{"line":73,"column":3}},"type":"if","locations":[{"start":{"line":71,"column":2},"end":{"line":73,"column":3}},{"start":{},"end":{}}],"line":71},"26":{"loc":{"start":{"line":74,"column":2},"end":{"line":76,"column":3}},"type":"if","locations":[{"start":{"line":74,"column":2},"end":{"line":76,"column":3}},{"start":{},"end":{}}],"line":74}},"s":{"0":11,"1":2,"2":1,"3":1,"4":1,"5":0,"6":9,"7":9,"8":1,"9":8,"10":3,"11":3,"12":2,"13":1,"14":1,"15":2,"16":5,"17":6,"18":0,"19":6,"20":0,"21":0,"22":6,"23":0,"24":0,"25":0,"26":6,"27":6,"28":3,"29":3,"30":2,"31":2,"32":2,"33":0,"34":1,"35":0,"36":1,"37":1,"38":5,"39":5,"40":1,"41":4,"42":1,"43":3,"44":1,"45":2,"46":1,"47":1},"f":{"0":11,"1":2,"2":6,"3":0,"4":2},"b":{"0":[11],"1":[2,9],"2":[1,1],"3":[1,0],"4":[1,0],"5":[1,8],"6":[9,1],"7":[3,5],"8":[2,1],"9":[1,0],"10":[1,0],"11":[1,1],"12":[1,0],"13":[6],"14":[0,6],"15":[0,6],"16":[0,6],"17":[6,0],"18":[2,1],"19":[2,0],"20":[0,1],"21":[1,0],"22":[1,1],"23":[1,4],"24":[1,3],"25":[1,2],"26":[1,1]},"meta":{"lastBranch":27,"lastFunction":5,"lastStatement":48,"seen":{"f:4:16:4:34":0,"b:4:53:4:94":0,"b:5:2:13:3:undefined:undefined:undefined:undefined":1,"s:5:2:13:3":0,"b:6:4:8:5:undefined:undefined:undefined:undefined":2,"s:6:4:8:5":1,"s:7:6:7:65":2,"b:9:4:11:5:undefined:undefined:undefined:undefined":3,"s:9:4:11:5":3,"b:9:8:9:42:9:46:9:63":4,"s:10:6:10:97":4,"s:12:4:12:20":5,"s:15:27:15:41":6,"b:17:2:19:3:undefined:undefined:undefined:undefined":5,"s:17:2:19:3":7,"b:17:6:17:30:17:34:17:45":6,"s:18:4:18:23":8,"b:21:2:31:3:undefined:undefined:undefined:undefined":7,"s:21:2:31:3":9,"s:22:14:22:25":10,"b:23:4:23:40:undefined:undefined:undefined:undefined":8,"s:23:4:23:40":11,"s:23:31:23:40":12,"b:24:4:30:5:undefined:undefined:undefined:undefined":9,"s:24:4:30:5":13,"s:25:6:29:20":14,"b:25:13:28:18:29:11:29:19":10,"f:26:13:26:14":1,"s:26:24:26:95":15,"b:26:51:26:55:26:58:26:95":11,"b:26:58:26:71:26:75:26:95":12,"s:33:17:33:19":16,"f:35:11:35:15":2,"b:35:30:35:32":13,"b:36:4:36:28:undefined:undefined:undefined:undefined":14,"s:36:4:36:28":17,"s:36:21:36:28":18,"b:37:4:40:5:undefined:undefined:undefined:undefined":15,"s:37:4:40:5":19,"s:38:6:38:23":20,"s:39:6:39:13":21,"b:41:4:44:5:undefined:undefined:undefined:undefined":16,"s:41:4:44:5":22,"s:42:6:42:48":23,"f:42:18:42:19":3,"s:42:28:42:46":24,"s:43:6:43:13":25,"b:45:4:59:5:undefined:undefined:undefined:undefined":17,"s:45:4:59:5":26,"s:46:6:58:7":27,"s:47:20:47:28":28,"b:48:8:57:9:53:15:57:9":18,"s:48:8:57:9":29,"s:49:10:52:13":30,"f:49:22:49:23":4,"b:50:12:51:25:51:17:51:25":19,"s:50:12:51:25":31,"s:50:39:50:54":32,"s:51:17:51:25":33,"b:53:15:57:9:55:15:57:9":20,"s:53:15:57:9":34,"s:54:10:54:27":35,"b:55:15:57:9:undefined:undefined:undefined:undefined":21,"s:55:15:57:9":36,"b:55:19:55:22:55:26:55:49":22,"s:56:10:56:40":37,"s:62:2:62:13":38,"b:64:2:66:3:undefined:undefined:undefined:undefined":23,"s:64:2:66:3":39,"s:65:4:65:42":40,"b:68:2:70:3:undefined:undefined:undefined:undefined":24,"s:68:2:70:3":41,"s:69:4:69:57":42,"b:71:2:73:3:undefined:undefined:undefined:undefined":25,"s:71:2:73:3":43,"s:72:4:72:58":44,"b:74:2:76:3:undefined:undefined:undefined:undefined":26,"s:74:2:76:3":45,"s:75:4:75:54":46,"s:78:2:78:18":47}}}
}
